<?xml version="1.0" encoding="UTF-8"?>
<!-- Generated by org.testng.reporters.JUnitReportReporter -->
<testsuite skipped="0" hostname="dee-pc" name="com.w2a.architectbatch1_dee.rough.RoughAnnotations" tests="2" failures="0" timestamp="01 Nov 2017 21:20:52 GMT" time="0.010" errors="0">
  <testcase name="f" time="0.002" classname="com.w2a.architectbatch1_dee.rough.RoughAnnotations"/>
  <testcase name="f" time="0.008" classname="com.w2a.architectbatch1_dee.rough.RoughAnnotations"/>
</testsuite> <!-- com.w2a.architectbatch1_dee.rough.RoughAnnotations -->
