<?xml version="1.0" encoding="UTF-8"?>
<!-- Generated by org.testng.reporters.JUnitReportReporter -->
<testsuite skipped="0" hostname="dee-pc" name="com.w2a.architectbatch1_dee.testcases.TestCase1" tests="1" failures="0" timestamp="01 Nov 2017 01:22:03 GMT" time="33.121" errors="0">
  <testcase name="tc_01" time="33.121" classname="com.w2a.architectbatch1_dee.testcases.TestCase1"/>
</testsuite> <!-- com.w2a.architectbatch1_dee.testcases.TestCase1 -->
