<?xml version="1.0" encoding="UTF-8"?>
<!-- Generated by org.testng.reporters.JUnitReportReporter -->
<testsuite skipped="0" hostname="dee-pc" name="com.w2a.architectbatch1_dee.testcases.TestCase2" tests="1" failures="0" timestamp="04 Nov 2017 01:16:03 GMT" time="51.110" errors="0">
  <testcase name="tc_02" time="51.110" classname="com.w2a.architectbatch1_dee.testcases.TestCase2"/>
</testsuite> <!-- com.w2a.architectbatch1_dee.testcases.TestCase2 -->
